#
# There is insufficient memory for the Java Runtime Environment to continue.
# Native memory allocation (mmap) failed to map 65536 bytes for Failed to commit metaspace.
# Possible reasons:
#   The system is out of physical RAM or swap space
#   The process is running with CompressedOops enabled, and the Java Heap may be blocking the growth of the native heap
# Possible solutions:
#   Reduce memory load on the system
#   Increase physical memory or swap space
#   Check if swap backing store is full
#   Decrease Java heap size (-Xmx/-Xms)
#   Decrease number of Java threads
#   Decrease Java thread stack sizes (-Xss)
#   Set larger code cache with -XX:ReservedCodeCacheSize=
#   JVM is running with Zero Based Compressed Oops mode in which the Java heap is
#     placed in the first 32GB address space. The Java Heap base address is the
#     maximum limit for the native heap growth. Please use -XX:HeapBaseMinAddress
#     to set the Java Heap base and to place the Java Heap above 32GB virtual address.
# This output file may be truncated or incomplete.
#
#  Out of Memory Error (virtualSpaceNode.cpp:110), pid=10484, tid=12436
#
# JRE version: OpenJDK Runtime Environment Temurin-17.0.1+12 (17.0.1+12) (build 17.0.1+12)
# Java VM: OpenJDK 64-Bit Server VM Temurin-17.0.1+12 (17.0.1+12, mixed mode, tiered, compressed oops, compressed class ptrs, g1 gc, windows-amd64)
# No core dump will be written. Minidumps are not enabled by default on client versions of Windows
#

---------------  S U M M A R Y ------------

Command Line: -Dfile.encoding=windows-1252 -XX:+ShowCodeDetailsInExceptionMessages we.josemipepeedu.casisi.Casisi

Host: Intel(R) Core(TM) i5-7200U CPU @ 2.50GHz, 4 cores, 15G,  Windows 10 , 64 bit Build 19041 (10.0.19041.1348)
Time: Thu Dec 15 10:09:49 2022 Hora estándar romance elapsed time: 1.291722 seconds (0d 0h 0m 1s)

---------------  T H R E A D  ---------------

Current thread (0x0000019f82f3af50):  JavaThread "AWT-EventQueue-0" [_thread_in_vm, id=12436, stack(0x00000038db200000,0x00000038db300000)]

Stack: [0x00000038db200000,0x00000038db300000]
Native frames: (J=compiled Java code, j=interpreted, Vv=VM code, C=native code)
V  [jvm.dll+0x6744da]
V  [jvm.dll+0x82e144]
V  [jvm.dll+0x82f8ee]
V  [jvm.dll+0x82ff53]
V  [jvm.dll+0x245175]
V  [jvm.dll+0x82a0eb]
V  [jvm.dll+0x619566]
V  [jvm.dll+0x6195ca]
V  [jvm.dll+0x61bdea]
V  [jvm.dll+0x619f06]
V  [jvm.dll+0x242bcc]
V  [jvm.dll+0x6ca87d]
V  [jvm.dll+0x6cb2af]
V  [jvm.dll+0x36f6c3]
V  [jvm.dll+0x36e882]
V  [jvm.dll+0x36e828]
V  [jvm.dll+0x55c4e5]
V  [jvm.dll+0x55b60d]
V  [jvm.dll+0x382617]
V  [jvm.dll+0x381c6f]
C  0x0000019fe634a622

Java frames: (J=compiled Java code, j=interpreted, Vv=VM code)
j  java.awt.Window.closeSplashScreen()V+21 java.desktop@17.0.1
j  java.awt.Window.show()V+40 java.desktop@17.0.1
j  java.awt.Component.show(Z)V+5 java.desktop@17.0.1
j  java.awt.Component.setVisible(Z)V+2 java.desktop@17.0.1
j  java.awt.Window.setVisible(Z)V+2 java.desktop@17.0.1
j  we.josemipepeedu.casisi.Casisi$1.run()V+10
j  java.awt.event.InvocationEvent.dispatch()V+47 java.desktop@17.0.1
j  java.awt.EventQueue.dispatchEventImpl(Ljava/awt/AWTEvent;Ljava/lang/Object;)V+21 java.desktop@17.0.1
j  java.awt.EventQueue$4.run()Ljava/lang/Void;+32 java.desktop@17.0.1
j  java.awt.EventQueue$4.run()Ljava/lang/Object;+1 java.desktop@17.0.1
j  java.security.AccessController.executePrivileged(Ljava/security/PrivilegedAction;Ljava/security/AccessControlContext;Ljava/lang/Class;)Ljava/lang/Object;+29 java.base@17.0.1
j  java.security.AccessController.doPrivileged(Ljava/security/PrivilegedAction;Ljava/security/AccessControlContext;)Ljava/lang/Object;+13 java.base@17.0.1
j  java.security.ProtectionDomain$JavaSecurityAccessImpl.doIntersectionPrivilege(Ljava/security/PrivilegedAction;Ljava/security/AccessControlContext;Ljava/security/AccessControlContext;)Ljava/lang/Object;+18 java.base@17.0.1
j  java.awt.EventQueue.dispatchEvent(Ljava/awt/AWTEvent;)V+46 java.desktop@17.0.1
j  java.awt.EventDispatchThread.pumpOneEventForFilters(I)V+78 java.desktop@17.0.1
j  java.awt.EventDispatchThread.pumpEventsForFilter(ILjava/awt/Conditional;Ljava/awt/EventFilter;)V+35 java.desktop@17.0.1
j  java.awt.EventDispatchThread.pumpEventsForHierarchy(ILjava/awt/Conditional;Ljava/awt/Component;)V+11 java.desktop@17.0.1
j  java.awt.EventDispatchThread.pumpEvents(ILjava/awt/Conditional;)V+4 java.desktop@17.0.1
j  java.awt.EventDispatchThread.pumpEvents(Ljava/awt/Conditional;)V+3 java.desktop@17.0.1
j  java.awt.EventDispatchThread.run()V+9 java.desktop@17.0.1
v  ~StubRoutines::call_stub

---------------  P R O C E S S  ---------------

Threads class SMR info:
_java_thread_list=0x0000019f8304b200, length=17, elements={
0x0000019f8282e3e0, 0x0000019f8282f750, 0x0000019f8286a010, 0x0000019f8286b8e0,
0x0000019f8286e3a0, 0x0000019f8286fd60, 0x0000019f82870a40, 0x0000019f828b2f70,
0x0000019f828d84d0, 0x0000019f829cac90, 0x0000019f829d5c30, 0x0000019f82ef8cb0,
0x0000019f82f2f650, 0x0000019f82f2fb20, 0x0000019f82f3af50, 0x0000019fe146e5a0,
0x0000019f8306b450
}

Java Threads: ( => current thread )
  0x0000019f8282e3e0 JavaThread "Reference Handler" daemon [_thread_blocked, id=9108, stack(0x00000038da300000,0x00000038da400000)]
  0x0000019f8282f750 JavaThread "Finalizer" daemon [_thread_blocked, id=7172, stack(0x00000038da400000,0x00000038da500000)]
  0x0000019f8286a010 JavaThread "Signal Dispatcher" daemon [_thread_blocked, id=13448, stack(0x00000038da500000,0x00000038da600000)]
  0x0000019f8286b8e0 JavaThread "Attach Listener" daemon [_thread_blocked, id=1588, stack(0x00000038da600000,0x00000038da700000)]
  0x0000019f8286e3a0 JavaThread "Service Thread" daemon [_thread_blocked, id=14364, stack(0x00000038da700000,0x00000038da800000)]
  0x0000019f8286fd60 JavaThread "Monitor Deflation Thread" daemon [_thread_blocked, id=8784, stack(0x00000038da800000,0x00000038da900000)]
  0x0000019f82870a40 JavaThread "C2 CompilerThread0" daemon [_thread_in_native, id=10376, stack(0x00000038da900000,0x00000038daa00000)]
  0x0000019f828b2f70 JavaThread "C1 CompilerThread0" daemon [_thread_in_vm, id=13912, stack(0x00000038daa00000,0x00000038dab00000)]
  0x0000019f828d84d0 JavaThread "Sweeper thread" daemon [_thread_blocked, id=9656, stack(0x00000038dab00000,0x00000038dac00000)]
  0x0000019f829cac90 JavaThread "Notification Thread" daemon [_thread_blocked, id=3216, stack(0x00000038dac00000,0x00000038dad00000)]
  0x0000019f829d5c30 JavaThread "Common-Cleaner" daemon [_thread_blocked, id=13524, stack(0x00000038dae00000,0x00000038daf00000)]
  0x0000019f82ef8cb0 JavaThread "Java2D Disposer" daemon [_thread_blocked, id=13108, stack(0x00000038daf00000,0x00000038db000000)]
  0x0000019f82f2f650 JavaThread "AWT-Shutdown" [_thread_blocked, id=14864, stack(0x00000038db000000,0x00000038db100000)]
  0x0000019f82f2fb20 JavaThread "AWT-Windows" daemon [_thread_in_native, id=3292, stack(0x00000038db100000,0x00000038db200000)]
=>0x0000019f82f3af50 JavaThread "AWT-EventQueue-0" [_thread_in_vm, id=12436, stack(0x00000038db200000,0x00000038db300000)]
  0x0000019fe146e5a0 JavaThread "DestroyJavaVM" [_thread_blocked, id=12272, stack(0x00000038d9c00000,0x00000038d9d00000)]
  0x0000019f8306b450 JavaThread "Image Fetcher 0" daemon [_thread_blocked, id=12100, stack(0x00000038db300000,0x00000038db400000)]

Other Threads:
  0x0000019fff6a6db0 VMThread "VM Thread" [stack: 0x00000038da200000,0x00000038da300000] [id=5748]
  0x0000019f829cd980 WatcherThread [stack: 0x00000038dad00000,0x00000038dae00000] [id=7896]
  0x0000019fe14bc410 GCTaskThread "GC Thread#0" [stack: 0x00000038d9d00000,0x00000038d9e00000] [id=10716]
  0x0000019f83115830 GCTaskThread "GC Thread#1" [stack: 0x00000038db400000,0x00000038db500000] [id=3696]
  0x0000019f83114c30 GCTaskThread "GC Thread#2" [stack: 0x00000038db500000,0x00000038db600000] [id=12740]
  0x0000019f83114ee0 GCTaskThread "GC Thread#3" [stack: 0x00000038db600000,0x00000038db700000] [id=14988]
  0x0000019fe14ce1a0 ConcurrentGCThread "G1 Main Marker" [stack: 0x00000038d9e00000,0x00000038d9f00000] [id=6912]
  0x0000019fe14d04a0 ConcurrentGCThread "G1 Conc#0" [stack: 0x00000038d9f00000,0x00000038da000000] [id=15032]
  0x0000019fff5560d0 ConcurrentGCThread "G1 Refine#0" [stack: 0x00000038da000000,0x00000038da100000] [id=5592]
  0x0000019f832324b0 ConcurrentGCThread "G1 Refine#1" [stack: 0x00000038db700000,0x00000038db800000] [id=2744]
  0x0000019f83225b60 ConcurrentGCThread "G1 Refine#2" [stack: 0x00000038db800000,0x00000038db900000] [id=4380]
  0x0000019fff5571e0 ConcurrentGCThread "G1 Service" [stack: 0x00000038da100000,0x00000038da200000] [id=5820]

Threads with active compile tasks:
C2 CompilerThread0     1332  838 % !   4       sun.awt.image.PNGImageDecoder::produceImage @ 960 (1917 bytes)
C1 CompilerThread0     1332  856       3       jdk.internal.logger.SurrogateLogger::defaultPlatformLevel (4 bytes)

VM state: not at safepoint (normal execution)

VM Mutex/Monitor currently owned by a thread:  ([mutex/lock_event])
[0x0000019fe12fad30] Metaspace_lock - owner thread: 0x0000019f82f3af50
[0x0000019fe12fd1d0] MethodData_lock - owner thread: 0x0000019f828b2f70

Heap address: 0x0000000701c00000, size: 4068 MB, Compressed Oops mode: Zero based, Oop shift amount: 3

CDS archive(s) not mapped
Compressed class space mapped at: 0x0000000800000000-0x0000000840000000, reserved size: 1073741824
Narrow klass base: 0x0000000800000000, Narrow klass shift: 0, Narrow klass range: 0x40000000

GC Precious Log:
 CPUs: 4 total, 4 available
 Memory: 16267M
 Large Page Support: Disabled
 NUMA Support: Disabled
 Compressed Oops: Enabled (Zero based)
 Heap Region Size: 2M
 Heap Min Capacity: 8M
 Heap Initial Capacity: 256M
 Heap Max Capacity: 4068M
 Pre-touch: Disabled
 Parallel Workers: 4
 Concurrent Workers: 1
 Concurrent Refinement Workers: 4
 Periodic GC: Disabled

Heap:
 garbage-first heap   total 262144K, used 6880K [0x0000000701c00000, 0x0000000800000000)
  region size 2048K, 3 young (6144K), 1 survivors (2048K)
 Metaspace       used 14538K, committed 14720K, reserved 1064960K
  class space    used 1433K, committed 1536K, reserved 1048576K

Heap Regions: E=young(eden), S=young(survivor), O=old, HS=humongous(starts), HC=humongous(continues), CS=collection set, F=free, OA=open archive, CA=closed archive, TAMS=top-at-mark-start (previous, next)
|   0|0x0000000701c00000, 0x0000000701e00000, 0x0000000701e00000|100%| O|  |TAMS 0x0000000701c00000, 0x0000000701c00000| Untracked 
|   1|0x0000000701e00000, 0x0000000701eb8200, 0x0000000702000000| 35%| O|  |TAMS 0x0000000701e00000, 0x0000000701e00000| Untracked 
|   2|0x0000000702000000, 0x0000000702000000, 0x0000000702200000|  0%| F|  |TAMS 0x0000000702000000, 0x0000000702000000| Untracked 
|   3|0x0000000702200000, 0x0000000702200000, 0x0000000702400000|  0%| F|  |TAMS 0x0000000702200000, 0x0000000702200000| Untracked 
|   4|0x0000000702400000, 0x0000000702400000, 0x0000000702600000|  0%| F|  |TAMS 0x0000000702400000, 0x0000000702400000| Untracked 
|   5|0x0000000702600000, 0x0000000702600000, 0x0000000702800000|  0%| F|  |TAMS 0x0000000702600000, 0x0000000702600000| Untracked 
|   6|0x0000000702800000, 0x0000000702800000, 0x0000000702a00000|  0%| F|  |TAMS 0x0000000702800000, 0x0000000702800000| Untracked 
|   7|0x0000000702a00000, 0x0000000702a00000, 0x0000000702c00000|  0%| F|  |TAMS 0x0000000702a00000, 0x0000000702a00000| Untracked 
|   8|0x0000000702c00000, 0x0000000702c00000, 0x0000000702e00000|  0%| F|  |TAMS 0x0000000702c00000, 0x0000000702c00000| Untracked 
|   9|0x0000000702e00000, 0x0000000702e00000, 0x0000000703000000|  0%| F|  |TAMS 0x0000000702e00000, 0x0000000702e00000| Untracked 
|  10|0x0000000703000000, 0x0000000703000000, 0x0000000703200000|  0%| F|  |TAMS 0x0000000703000000, 0x0000000703000000| Untracked 
|  11|0x0000000703200000, 0x0000000703200000, 0x0000000703400000|  0%| F|  |TAMS 0x0000000703200000, 0x0000000703200000| Untracked 
|  12|0x0000000703400000, 0x0000000703400000, 0x0000000703600000|  0%| F|  |TAMS 0x0000000703400000, 0x0000000703400000| Untracked 
|  13|0x0000000703600000, 0x0000000703600000, 0x0000000703800000|  0%| F|  |TAMS 0x0000000703600000, 0x0000000703600000| Untracked 
|  14|0x0000000703800000, 0x0000000703800000, 0x0000000703a00000|  0%| F|  |TAMS 0x0000000703800000, 0x0000000703800000| Untracked 
|  15|0x0000000703a00000, 0x0000000703a00000, 0x0000000703c00000|  0%| F|  |TAMS 0x0000000703a00000, 0x0000000703a00000| Untracked 
|  16|0x0000000703c00000, 0x0000000703c00000, 0x0000000703e00000|  0%| F|  |TAMS 0x0000000703c00000, 0x0000000703c00000| Untracked 
|  17|0x0000000703e00000, 0x0000000703e00000, 0x0000000704000000|  0%| F|  |TAMS 0x0000000703e00000, 0x0000000703e00000| Untracked 
|  18|0x0000000704000000, 0x0000000704000000, 0x0000000704200000|  0%| F|  |TAMS 0x0000000704000000, 0x0000000704000000| Untracked 
|  19|0x0000000704200000, 0x0000000704200000, 0x0000000704400000|  0%| F|  |TAMS 0x0000000704200000, 0x0000000704200000| Untracked 
|  20|0x0000000704400000, 0x0000000704400000, 0x0000000704600000|  0%| F|  |TAMS 0x0000000704400000, 0x0000000704400000| Untracked 
|  21|0x0000000704600000, 0x0000000704600000, 0x0000000704800000|  0%| F|  |TAMS 0x0000000704600000, 0x0000000704600000| Untracked 
|  22|0x0000000704800000, 0x0000000704800000, 0x0000000704a00000|  0%| F|  |TAMS 0x0000000704800000, 0x0000000704800000| Untracked 
|  23|0x0000000704a00000, 0x0000000704a00000, 0x0000000704c00000|  0%| F|  |TAMS 0x0000000704a00000, 0x0000000704a00000| Untracked 
|  24|0x0000000704c00000, 0x0000000704c00000, 0x0000000704e00000|  0%| F|  |TAMS 0x0000000704c00000, 0x0000000704c00000| Untracked 
|  25|0x0000000704e00000, 0x0000000704e00000, 0x0000000705000000|  0%| F|  |TAMS 0x0000000704e00000, 0x0000000704e00000| Untracked 
|  26|0x0000000705000000, 0x0000000705000000, 0x0000000705200000|  0%| F|  |TAMS 0x0000000705000000, 0x0000000705000000| Untracked 
|  27|0x0000000705200000, 0x0000000705200000, 0x0000000705400000|  0%| F|  |TAMS 0x0000000705200000, 0x0000000705200000| Untracked 
|  28|0x0000000705400000, 0x0000000705400000, 0x0000000705600000|  0%| F|  |TAMS 0x0000000705400000, 0x0000000705400000| Untracked 
|  29|0x0000000705600000, 0x0000000705600000, 0x0000000705800000|  0%| F|  |TAMS 0x0000000705600000, 0x0000000705600000| Untracked 
|  30|0x0000000705800000, 0x0000000705800000, 0x0000000705a00000|  0%| F|  |TAMS 0x0000000705800000, 0x0000000705800000| Untracked 
|  31|0x0000000705a00000, 0x0000000705a00000, 0x0000000705c00000|  0%| F|  |TAMS 0x0000000705a00000, 0x0000000705a00000| Untracked 
|  32|0x0000000705c00000, 0x0000000705c00000, 0x0000000705e00000|  0%| F|  |TAMS 0x0000000705c00000, 0x0000000705c00000| Untracked 
|  33|0x0000000705e00000, 0x0000000705e00000, 0x0000000706000000|  0%| F|  |TAMS 0x0000000705e00000, 0x0000000705e00000| Untracked 
|  34|0x0000000706000000, 0x0000000706000000, 0x0000000706200000|  0%| F|  |TAMS 0x0000000706000000, 0x0000000706000000| Untracked 
|  35|0x0000000706200000, 0x0000000706200000, 0x0000000706400000|  0%| F|  |TAMS 0x0000000706200000, 0x0000000706200000| Untracked 
|  36|0x0000000706400000, 0x0000000706400000, 0x0000000706600000|  0%| F|  |TAMS 0x0000000706400000, 0x0000000706400000| Untracked 
|  37|0x0000000706600000, 0x0000000706600000, 0x0000000706800000|  0%| F|  |TAMS 0x0000000706600000, 0x0000000706600000| Untracked 
|  38|0x0000000706800000, 0x0000000706800000, 0x0000000706a00000|  0%| F|  |TAMS 0x0000000706800000, 0x0000000706800000| Untracked 
|  39|0x0000000706a00000, 0x0000000706a00000, 0x0000000706c00000|  0%| F|  |TAMS 0x0000000706a00000, 0x0000000706a00000| Untracked 
|  40|0x0000000706c00000, 0x0000000706c00000, 0x0000000706e00000|  0%| F|  |TAMS 0x0000000706c00000, 0x0000000706c00000| Untracked 
|  41|0x0000000706e00000, 0x0000000706e00000, 0x0000000707000000|  0%| F|  |TAMS 0x0000000706e00000, 0x0000000706e00000| Untracked 
|  42|0x0000000707000000, 0x0000000707000000, 0x0000000707200000|  0%| F|  |TAMS 0x0000000707000000, 0x0000000707000000| Untracked 
|  43|0x0000000707200000, 0x0000000707200000, 0x0000000707400000|  0%| F|  |TAMS 0x0000000707200000, 0x0000000707200000| Untracked 
|  44|0x0000000707400000, 0x0000000707400000, 0x0000000707600000|  0%| F|  |TAMS 0x0000000707400000, 0x0000000707400000| Untracked 
|  45|0x0000000707600000, 0x0000000707600000, 0x0000000707800000|  0%| F|  |TAMS 0x0000000707600000, 0x0000000707600000| Untracked 
|  46|0x0000000707800000, 0x0000000707800000, 0x0000000707a00000|  0%| F|  |TAMS 0x0000000707800000, 0x0000000707800000| Untracked 
|  47|0x0000000707a00000, 0x0000000707a00000, 0x0000000707c00000|  0%| F|  |TAMS 0x0000000707a00000, 0x0000000707a00000| Untracked 
|  48|0x0000000707c00000, 0x0000000707c00000, 0x0000000707e00000|  0%| F|  |TAMS 0x0000000707c00000, 0x0000000707c00000| Untracked 
|  49|0x0000000707e00000, 0x0000000707e00000, 0x0000000708000000|  0%| F|  |TAMS 0x0000000707e00000, 0x0000000707e00000| Untracked 
|  50|0x0000000708000000, 0x0000000708000000, 0x0000000708200000|  0%| F|  |TAMS 0x0000000708000000, 0x0000000708000000| Untracked 
|  51|0x0000000708200000, 0x0000000708200000, 0x0000000708400000|  0%| F|  |TAMS 0x0000000708200000, 0x0000000708200000| Untracked 
|  52|0x0000000708400000, 0x0000000708400000, 0x0000000708600000|  0%| F|  |TAMS 0x0000000708400000, 0x0000000708400000| Untracked 
|  53|0x0000000708600000, 0x0000000708600000, 0x0000000708800000|  0%| F|  |TAMS 0x0000000708600000, 0x0000000708600000| Untracked 
|  54|0x0000000708800000, 0x0000000708800000, 0x0000000708a00000|  0%| F|  |TAMS 0x0000000708800000, 0x0000000708800000| Untracked 
|  55|0x0000000708a00000, 0x0000000708a00000, 0x0000000708c00000|  0%| F|  |TAMS 0x0000000708a00000, 0x0000000708a00000| Untracked 
|  56|0x0000000708c00000, 0x0000000708c00000, 0x0000000708e00000|  0%| F|  |TAMS 0x0000000708c00000, 0x0000000708c00000| Untracked 
|  57|0x0000000708e00000, 0x0000000708e00000, 0x0000000709000000|  0%| F|  |TAMS 0x0000000708e00000, 0x0000000708e00000| Untracked 
|  58|0x0000000709000000, 0x0000000709000000, 0x0000000709200000|  0%| F|  |TAMS 0x0000000709000000, 0x0000000709000000| Untracked 
|  59|0x0000000709200000, 0x0000000709200000, 0x0000000709400000|  0%| F|  |TAMS 0x0000000709200000, 0x0000000709200000| Untracked 
|  60|0x0000000709400000, 0x0000000709400000, 0x0000000709600000|  0%| F|  |TAMS 0x0000000709400000, 0x0000000709400000| Untracked 
|  61|0x0000000709600000, 0x0000000709600000, 0x0000000709800000|  0%| F|  |TAMS 0x0000000709600000, 0x0000000709600000| Untracked 
|  62|0x0000000709800000, 0x0000000709800000, 0x0000000709a00000|  0%| F|  |TAMS 0x0000000709800000, 0x0000000709800000| Untracked 
|  63|0x0000000709a00000, 0x0000000709a00000, 0x0000000709c00000|  0%| F|  |TAMS 0x0000000709a00000, 0x0000000709a00000| Untracked 
|  64|0x0000000709c00000, 0x0000000709c00000, 0x0000000709e00000|  0%| F|  |TAMS 0x0000000709c00000, 0x0000000709c00000| Untracked 
|  65|0x0000000709e00000, 0x0000000709e00000, 0x000000070a000000|  0%| F|  |TAMS 0x0000000709e00000, 0x0000000709e00000| Untracked 
|  66|0x000000070a000000, 0x000000070a000000, 0x000000070a200000|  0%| F|  |TAMS 0x000000070a000000, 0x000000070a000000| Untracked 
|  67|0x000000070a200000, 0x000000070a200000, 0x000000070a400000|  0%| F|  |TAMS 0x000000070a200000, 0x000000070a200000| Untracked 
|  68|0x000000070a400000, 0x000000070a400000, 0x000000070a600000|  0%| F|  |TAMS 0x000000070a400000, 0x000000070a400000| Untracked 
|  69|0x000000070a600000, 0x000000070a600000, 0x000000070a800000|  0%| F|  |TAMS 0x000000070a600000, 0x000000070a600000| Untracked 
|  70|0x000000070a800000, 0x000000070a800000, 0x000000070aa00000|  0%| F|  |TAMS 0x000000070a800000, 0x000000070a800000| Untracked 
|  71|0x000000070aa00000, 0x000000070aa00000, 0x000000070ac00000|  0%| F|  |TAMS 0x000000070aa00000, 0x000000070aa00000| Untracked 
|  72|0x000000070ac00000, 0x000000070ac00000, 0x000000070ae00000|  0%| F|  |TAMS 0x000000070ac00000, 0x000000070ac00000| Untracked 
|  73|0x000000070ae00000, 0x000000070ae00000, 0x000000070b000000|  0%| F|  |TAMS 0x000000070ae00000, 0x000000070ae00000| Untracked 
|  74|0x000000070b000000, 0x000000070b000000, 0x000000070b200000|  0%| F|  |TAMS 0x000000070b000000, 0x000000070b000000| Untracked 
|  75|0x000000070b200000, 0x000000070b200000, 0x000000070b400000|  0%| F|  |TAMS 0x000000070b200000, 0x000000070b200000| Untracked 
|  76|0x000000070b400000, 0x000000070b400000, 0x000000070b600000|  0%| F|  |TAMS 0x000000070b400000, 0x000000070b400000| Untracked 
|  77|0x000000070b600000, 0x000000070b600000, 0x000000070b800000|  0%| F|  |TAMS 0x000000070b600000, 0x000000070b600000| Untracked 
|  78|0x000000070b800000, 0x000000070b800000, 0x000000070ba00000|  0%| F|  |TAMS 0x000000070b800000, 0x000000070b800000| Untracked 
|  79|0x000000070ba00000, 0x000000070ba00000, 0x000000070bc00000|  0%| F|  |TAMS 0x000000070ba00000, 0x000000070ba00000| Untracked 
|  80|0x000000070bc00000, 0x000000070bc00000, 0x000000070be00000|  0%| F|  |TAMS 0x000000070bc00000, 0x000000070bc00000| Untracked 
|  81|0x000000070be00000, 0x000000070be00000, 0x000000070c000000|  0%| F|  |TAMS 0x000000070be00000, 0x000000070be00000| Untracked 
|  82|0x000000070c000000, 0x000000070c000000, 0x000000070c200000|  0%| F|  |TAMS 0x000000070c000000, 0x000000070c000000| Untracked 
|  83|0x000000070c200000, 0x000000070c200000, 0x000000070c400000|  0%| F|  |TAMS 0x000000070c200000, 0x000000070c200000| Untracked 
|  84|0x000000070c400000, 0x000000070c400000, 0x000000070c600000|  0%| F|  |TAMS 0x000000070c400000, 0x000000070c400000| Untracked 
|  85|0x000000070c600000, 0x000000070c600000, 0x000000070c800000|  0%| F|  |TAMS 0x000000070c600000, 0x000000070c600000| Untracked 
|  86|0x000000070c800000, 0x000000070c800000, 0x000000070ca00000|  0%| F|  |TAMS 0x000000070c800000, 0x000000070c800000| Untracked 
|  87|0x000000070ca00000, 0x000000070ca00000, 0x000000070cc00000|  0%| F|  |TAMS 0x000000070ca00000, 0x000000070ca00000| Untracked 
|  88|0x000000070cc00000, 0x000000070cc00000, 0x000000070ce00000|  0%| F|  |TAMS 0x000000070cc00000, 0x000000070cc00000| Untracked 
|  89|0x000000070ce00000, 0x000000070ce00000, 0x000000070d000000|  0%| F|  |TAMS 0x000000070ce00000, 0x000000070ce00000| Untracked 
|  90|0x000000070d000000, 0x000000070d000000, 0x000000070d200000|  0%| F|  |TAMS 0x000000070d000000, 0x000000070d000000| Untracked 
|  91|0x000000070d200000, 0x000000070d200000, 0x000000070d400000|  0%| F|  |TAMS 0x000000070d200000, 0x000000070d200000| Untracked 
|  92|0x000000070d400000, 0x000000070d400000, 0x000000070d600000|  0%| F|  |TAMS 0x000000070d400000, 0x000000070d400000| Untracked 
|  93|0x000000070d600000, 0x000000070d600000, 0x000000070d800000|  0%| F|  |TAMS 0x000000070d600000, 0x000000070d600000| Untracked 
|  94|0x000000070d800000, 0x000000070d800000, 0x000000070da00000|  0%| F|  |TAMS 0x000000070d800000, 0x000000070d800000| Untracked 
|  95|0x000000070da00000, 0x000000070da00000, 0x000000070dc00000|  0%| F|  |TAMS 0x000000070da00000, 0x000000070da00000| Untracked 
|  96|0x000000070dc00000, 0x000000070dc00000, 0x000000070de00000|  0%| F|  |TAMS 0x000000070dc00000, 0x000000070dc00000| Untracked 
|  97|0x000000070de00000, 0x000000070de00000, 0x000000070e000000|  0%| F|  |TAMS 0x000000070de00000, 0x000000070de00000| Untracked 
|  98|0x000000070e000000, 0x000000070e000000, 0x000000070e200000|  0%| F|  |TAMS 0x000000070e000000, 0x000000070e000000| Untracked 
|  99|0x000000070e200000, 0x000000070e200000, 0x000000070e400000|  0%| F|  |TAMS 0x000000070e200000, 0x000000070e200000| Untracked 
| 100|0x000000070e400000, 0x000000070e400000, 0x000000070e600000|  0%| F|  |TAMS 0x000000070e400000, 0x000000070e400000| Untracked 
| 101|0x000000070e600000, 0x000000070e600000, 0x000000070e800000|  0%| F|  |TAMS 0x000000070e600000, 0x000000070e600000| Untracked 
| 102|0x000000070e800000, 0x000000070e800000, 0x000000070ea00000|  0%| F|  |TAMS 0x000000070e800000, 0x000000070e800000| Untracked 
| 103|0x000000070ea00000, 0x000000070ea00000, 0x000000070ec00000|  0%| F|  |TAMS 0x000000070ea00000, 0x000000070ea00000| Untracked 
| 104|0x000000070ec00000, 0x000000070ec00000, 0x000000070ee00000|  0%| F|  |TAMS 0x000000070ec00000, 0x000000070ec00000| Untracked 
| 105|0x000000070ee00000, 0x000000070ee00000, 0x000000070f000000|  0%| F|  |TAMS 0x000000070ee00000, 0x000000070ee00000| Untracked 
| 106|0x000000070f000000, 0x000000070f000000, 0x000000070f200000|  0%| F|  |TAMS 0x000000070f000000, 0x000000070f000000| Untracked 
| 107|0x000000070f200000, 0x000000070f200000, 0x000000070f400000|  0%| F|  |TAMS 0x000000070f200000, 0x000000070f200000| Untracked 
| 108|0x000000070f400000, 0x000000070f400000, 0x000000070f600000|  0%| F|  |TAMS 0x000000070f400000, 0x000000070f400000| Untracked 
| 109|0x000000070f600000, 0x000000070f600000, 0x000000070f800000|  0%| F|  |TAMS 0x000000070f600000, 0x000000070f600000| Untracked 
| 110|0x000000070f800000, 0x000000070f800000, 0x000000070fa00000|  0%| F|  |TAMS 0x000000070f800000, 0x000000070f800000| Untracked 
| 111|0x000000070fa00000, 0x000000070fa00000, 0x000000070fc00000|  0%| F|  |TAMS 0x000000070fa00000, 0x000000070fa00000| Untracked 
| 112|0x000000070fc00000, 0x000000070fc00000, 0x000000070fe00000|  0%| F|  |TAMS 0x000000070fc00000, 0x000000070fc00000| Untracked 
| 113|0x000000070fe00000, 0x000000070fe00000, 0x0000000710000000|  0%| F|  |TAMS 0x000000070fe00000, 0x000000070fe00000| Untracked 
| 114|0x0000000710000000, 0x0000000710000000, 0x0000000710200000|  0%| F|  |TAMS 0x0000000710000000, 0x0000000710000000| Untracked 
| 115|0x0000000710200000, 0x0000000710200000, 0x0000000710400000|  0%| F|  |TAMS 0x0000000710200000, 0x0000000710200000| Untracked 
| 116|0x0000000710400000, 0x0000000710400000, 0x0000000710600000|  0%| F|  |TAMS 0x0000000710400000, 0x0000000710400000| Untracked 
| 117|0x0000000710600000, 0x0000000710600000, 0x0000000710800000|  0%| F|  |TAMS 0x0000000710600000, 0x0000000710600000| Untracked 
| 118|0x0000000710800000, 0x0000000710800000, 0x0000000710a00000|  0%| F|  |TAMS 0x0000000710800000, 0x0000000710800000| Untracked 
| 119|0x0000000710a00000, 0x0000000710a00000, 0x0000000710c00000|  0%| F|  |TAMS 0x0000000710a00000, 0x0000000710a00000| Untracked 
| 120|0x0000000710c00000, 0x0000000710c00000, 0x0000000710e00000|  0%| F|  |TAMS 0x0000000710c00000, 0x0000000710c00000| Untracked 
| 121|0x0000000710e00000, 0x0000000711000000, 0x0000000711000000|100%| S|CS|TAMS 0x0000000710e00000, 0x0000000710e00000| Complete 
| 122|0x0000000711000000, 0x0000000711000000, 0x0000000711200000|  0%| F|  |TAMS 0x0000000711000000, 0x0000000711000000| Untracked 
| 123|0x0000000711200000, 0x0000000711200000, 0x0000000711400000|  0%| F|  |TAMS 0x0000000711200000, 0x0000000711200000| Untracked 
| 124|0x0000000711400000, 0x0000000711400000, 0x0000000711600000|  0%| F|  |TAMS 0x0000000711400000, 0x0000000711400000| Untracked 
| 125|0x0000000711600000, 0x0000000711600000, 0x0000000711800000|  0%| F|  |TAMS 0x0000000711600000, 0x0000000711600000| Untracked 
| 126|0x0000000711800000, 0x0000000711845368, 0x0000000711a00000| 13%| E|  |TAMS 0x0000000711800000, 0x0000000711800000| Complete 
| 127|0x0000000711a00000, 0x0000000711c00000, 0x0000000711c00000|100%| E|CS|TAMS 0x0000000711a00000, 0x0000000711a00000| Complete 

Card table byte_map: [0x0000019ff6150000,0x0000019ff6950000] _byte_map_base: 0x0000019ff2942000

Marking Bits (Prev, Next): (CMBitMap*) 0x0000019fe14bda30, (CMBitMap*) 0x0000019fe14bda70
 Prev Bits: [0x0000019ff7150000, 0x0000019ffb0e0000)
 Next Bits: [0x0000019ffb0e0000, 0x0000019fff070000)

Polling page: 0x0000019fe1550000

Metaspace:

Usage:
  Non-class:     12.80 MB used.
      Class:      1.40 MB used.
       Both:     14.20 MB used.

Virtual space:
  Non-class space:       16.00 MB reserved,      12.88 MB ( 80%) committed,  2 nodes.
      Class space:        1.00 GB reserved,       1.50 MB ( <1%) committed,  1 nodes.
             Both:        1.02 GB reserved,      14.38 MB (  1%) committed. 

Chunk freelists:
   Non-Class:  2.98 MB
       Class:  2.54 MB
        Both:  5.52 MB

MaxMetaspaceSize: unlimited
CompressedClassSpaceSize: 1.00 GB
Initial GC threshold: 21.00 MB
Current GC threshold: 21.00 MB
CDS: off
MetaspaceReclaimPolicy: balanced
 - commit_granule_bytes: 65536.
 - commit_granule_words: 8192.
 - virtual_space_node_default_size: 1048576.
 - enlarge_chunks_in_place: 1.
 - new_chunks_are_fully_committed: 0.
 - uncommit_free_chunks: 1.
 - use_allocation_guard: 0.
 - handle_deallocations: 1.


Internal statistics:

num_allocs_failed_limit: 0.
num_arena_births: 116.
num_arena_deaths: 0.
num_vsnodes_births: 3.
num_vsnodes_deaths: 0.
num_space_committed: 230.
num_space_uncommitted: 0.
num_chunks_returned_to_freelist: 0.
num_chunks_taken_from_freelist: 178.
num_chunk_merges: 0.
num_chunk_splits: 94.
num_chunks_enlarged: 42.
num_purges: 0.
num_inconsistent_stats: 0.

CodeHeap 'non-profiled nmethods': size=120000Kb used=243Kb max_used=243Kb free=119756Kb
 bounds [0x0000019fede00000, 0x0000019fee070000, 0x0000019ff5330000]
CodeHeap 'profiled nmethods': size=120000Kb used=1473Kb max_used=1473Kb free=118526Kb
 bounds [0x0000019fe68d0000, 0x0000019fe6b40000, 0x0000019fede00000]
CodeHeap 'non-nmethods': size=5760Kb used=1251Kb max_used=1266Kb free=4508Kb
 bounds [0x0000019fe6330000, 0x0000019fe65a0000, 0x0000019fe68d0000]
 total_blobs=1424 nmethods=851 adapters=486
 compilation: enabled
              stopped_count=0, restarted_count=0
 full_count=0

Compilation events (20 events):
Event: 1.271 Thread 0x0000019f828b2f70 nmethod 844 0x0000019fe6a38310 code [0x0000019fe6a384c0, 0x0000019fe6a38868]
Event: 1.271 Thread 0x0000019f828b2f70  845  s    3       sun.awt.image.InputStreamImageSource::doneDecoding (25 bytes)
Event: 1.271 Thread 0x0000019f828b2f70 nmethod 845 0x0000019fe6a38990 code [0x0000019fe6a38b40, 0x0000019fe6a38de8]
Event: 1.271 Thread 0x0000019f828b2f70  846   !   3       sun.awt.image.ImageRepresentation::setPixels (527 bytes)
Event: 1.274 Thread 0x0000019f828b2f70 nmethod 846 0x0000019fe6a38e90 code [0x0000019fe6a39220, 0x0000019fe6a3b2c8]
Event: 1.283 Thread 0x0000019f828b2f70  848       3       jdk.internal.jimage.ImageStringsReader::stringFromByteBufferMatches (133 bytes)
Event: 1.285 Thread 0x0000019f828b2f70 nmethod 848 0x0000019fe6a3c310 code [0x0000019fe6a3c600, 0x0000019fe6a3d788]
Event: 1.285 Thread 0x0000019f828b2f70  850       3       java.awt.Component::getTreeLock (4 bytes)
Event: 1.285 Thread 0x0000019f828b2f70 nmethod 850 0x0000019fe6a3df10 code [0x0000019fe6a3e0a0, 0x0000019fe6a3e1b8]
Event: 1.285 Thread 0x0000019f828b2f70  851       1       java.awt.Component::getParent_NoClientCode (5 bytes)
Event: 1.285 Thread 0x0000019f828b2f70 nmethod 851 0x0000019fede3c990 code [0x0000019fede3cb20, 0x0000019fede3cbf8]
Event: 1.285 Thread 0x0000019f828b2f70  852       3       jdk.internal.logger.LazyLoggers$LazyLoggerWrapper::platformProxy (10 bytes)
Event: 1.285 Thread 0x0000019f828b2f70 nmethod 852 0x0000019fe6a3e290 code [0x0000019fe6a3e440, 0x0000019fe6a3e5e8]
Event: 1.285 Thread 0x0000019f828b2f70  853   !   3       jdk.internal.logger.LazyLoggers$LazyLoggerAccessor::platform (103 bytes)
Event: 1.286 Thread 0x0000019f828b2f70 nmethod 853 0x0000019fe6a3e710 code [0x0000019fe6a3e960, 0x0000019fe6a3f688]
Event: 1.286 Thread 0x0000019f828b2f70  854       3       jdk.internal.logger.SimpleConsoleLogger::isLoggable (29 bytes)
Event: 1.286 Thread 0x0000019f828b2f70 nmethod 854 0x0000019fe6a3f990 code [0x0000019fe6a3fb40, 0x0000019fe6a3fea8]
Event: 1.286 Thread 0x0000019f828b2f70  855       3       jdk.internal.logger.SimpleConsoleLogger::effectiveLevel (17 bytes)
Event: 1.286 Thread 0x0000019f828b2f70 nmethod 855 0x0000019fe6a40010 code [0x0000019fe6a401c0, 0x0000019fe6a40408]
Event: 1.287 Thread 0x0000019f828b2f70  856       3       jdk.internal.logger.SurrogateLogger::defaultPlatformLevel (4 bytes)

GC Heap History (2 events):
Event: 1.215 GC heap before
{Heap before GC invocations=0 (full 0):
 garbage-first heap   total 262144K, used 10240K [0x0000000701c00000, 0x0000000800000000)
  region size 2048K, 6 young (12288K), 0 survivors (0K)
 Metaspace       used 14363K, committed 14592K, reserved 1064960K
  class space    used 1420K, committed 1536K, reserved 1048576K
}
Event: 1.221 GC heap after
{Heap after GC invocations=1 (full 0):
 garbage-first heap   total 262144K, used 4832K [0x0000000701c00000, 0x0000000800000000)
  region size 2048K, 1 young (2048K), 1 survivors (2048K)
 Metaspace       used 14363K, committed 14592K, reserved 1064960K
  class space    used 1420K, committed 1536K, reserved 1048576K
}

Deoptimization events (20 events):
Event: 1.268 Thread 0x0000019f8306b450 DEOPT PACKING pc=0x0000019fe6a1eeb4 sp=0x00000038db3fed10
Event: 1.268 Thread 0x0000019f8306b450 DEOPT UNPACKING pc=0x0000019fe6382b43 sp=0x00000038db3fe180 mode 0
Event: 1.268 Thread 0x0000019f8306b450 DEOPT PACKING pc=0x0000019fe6a1eeb4 sp=0x00000038db3fed10
Event: 1.268 Thread 0x0000019f8306b450 DEOPT UNPACKING pc=0x0000019fe6382b43 sp=0x00000038db3fe180 mode 0
Event: 1.269 Thread 0x0000019f8306b450 DEOPT PACKING pc=0x0000019fe6a196ab sp=0x00000038db3fe830
Event: 1.269 Thread 0x0000019f8306b450 DEOPT UNPACKING pc=0x0000019fe6382b43 sp=0x00000038db3fdcd0 mode 0
Event: 1.269 Thread 0x0000019f8306b450 DEOPT PACKING pc=0x0000019fe6a1eeb4 sp=0x00000038db3fed10
Event: 1.269 Thread 0x0000019f8306b450 DEOPT UNPACKING pc=0x0000019fe6382b43 sp=0x00000038db3fe180 mode 0
Event: 1.270 Thread 0x0000019f8306b450 DEOPT PACKING pc=0x0000019fe6a1eeb4 sp=0x00000038db3fed10
Event: 1.270 Thread 0x0000019f8306b450 DEOPT UNPACKING pc=0x0000019fe6382b43 sp=0x00000038db3fe180 mode 0
Event: 1.270 Thread 0x0000019f8306b450 DEOPT PACKING pc=0x0000019fe6a1eeb4 sp=0x00000038db3fed10
Event: 1.270 Thread 0x0000019f8306b450 DEOPT UNPACKING pc=0x0000019fe6382b43 sp=0x00000038db3fe180 mode 0
Event: 1.270 Thread 0x0000019f8306b450 DEOPT PACKING pc=0x0000019fe6a1eeb4 sp=0x00000038db3fed10
Event: 1.270 Thread 0x0000019f8306b450 DEOPT UNPACKING pc=0x0000019fe6382b43 sp=0x00000038db3fe180 mode 0
Event: 1.270 Thread 0x0000019f8306b450 DEOPT PACKING pc=0x0000019fe6a1eeb4 sp=0x00000038db3fed10
Event: 1.270 Thread 0x0000019f8306b450 DEOPT UNPACKING pc=0x0000019fe6382b43 sp=0x00000038db3fe180 mode 0
Event: 1.276 Thread 0x0000019f8306b450 DEOPT PACKING pc=0x0000019fe6a1eeb4 sp=0x00000038db3fed10
Event: 1.276 Thread 0x0000019f8306b450 DEOPT UNPACKING pc=0x0000019fe6382b43 sp=0x00000038db3fe180 mode 0
Event: 1.276 Thread 0x0000019f8306b450 DEOPT PACKING pc=0x0000019fe6a1eeb4 sp=0x00000038db3fed10
Event: 1.276 Thread 0x0000019f8306b450 DEOPT UNPACKING pc=0x0000019fe6382b43 sp=0x00000038db3fe180 mode 0

Classes unloaded (0 events):
No events

Classes redefined (0 events):
No events

Internal exceptions (13 events):
Event: 0.258 Thread 0x0000019fe146e5a0 Exception <a 'java/lang/ClassNotFoundException'{0x0000000711b31918}: sun/awt/resources/spi/awtProvider> (0x0000000711b31918) 
thrown [e:\jenkins\tmp\workspace\build\src\src\hotspot\share\classfile\systemDictionary.cpp, line 256]
Event: 0.418 Thread 0x0000019fe146e5a0 Exception <a 'java/io/FileNotFoundException'{0x0000000711b8cba0}> (0x0000000711b8cba0) 
thrown [e:\jenkins\tmp\workspace\build\src\src\hotspot\share\prims\jni.cpp, line 516]
Event: 0.429 Thread 0x0000019fe146e5a0 Exception <a 'java/io/FileNotFoundException'{0x0000000711bb9da8}> (0x0000000711bb9da8) 
thrown [e:\jenkins\tmp\workspace\build\src\src\hotspot\share\prims\jni.cpp, line 516]
Event: 0.486 Thread 0x0000019fe146e5a0 Exception <a 'java/lang/NoSuchMethodError'{0x0000000711bf02c8}: 'java.lang.Object java.lang.invoke.DirectMethodHandle$Holder.invokeStaticInit(java.lang.Object)'> (0x0000000711bf02c8) 
thrown [e:\jenkins\tmp\workspace\build\src\src\hotspot\share\interpreter\linkResolver.cpp, line 766]
Event: 0.567 Thread 0x0000019f82f3af50 Exception <a 'java/lang/NoSuchMethodError'{0x000000071190dd10}: 'void java.lang.invoke.DirectMethodHandle$Holder.invokeSpecial(java.lang.Object, java.lang.Object, java.lang.Object)'> (0x000000071190dd10) 
thrown [e:\jenkins\tmp\workspace\build\src\src\hotspot\share\interpreter\linkResolver.cpp, line 766]
Event: 0.580 Thread 0x0000019f82f3af50 Exception <a 'java/lang/NoSuchMethodError'{0x0000000711938260}: 'java.lang.Object java.lang.invoke.DirectMethodHandle$Holder.newInvokeSpecial(java.lang.Object, java.lang.Object, java.lang.Object, java.lang.Object, java.lang.Object)'> (0x0000000711938260) 
thrown [e:\jenkins\tmp\workspace\build\src\src\hotspot\share\interpreter\linkResolver.cpp, line 766]
Event: 0.583 Thread 0x0000019f82f3af50 Exception <a 'java/lang/NoSuchMethodError'{0x0000000711943c28}: 'java.lang.Object java.lang.invoke.DirectMethodHandle$Holder.invokeStatic(java.lang.Object, int, java.lang.Object, java.lang.Object, java.lang.Object, java.lang.Object)'> (0x0000000711943c28) 
thrown [e:\jenkins\tmp\workspace\build\src\src\hotspot\share\interpreter\linkResolver.cpp, line 766]
Event: 0.590 Thread 0x0000019f82f3af50 Exception <a 'java/lang/NoSuchMethodError'{0x00000007119693e8}: 'java.lang.Object java.lang.invoke.DirectMethodHandle$Holder.invokeStatic(java.lang.Object, int, java.lang.Object)'> (0x00000007119693e8) 
thrown [e:\jenkins\tmp\workspace\build\src\src\hotspot\share\interpreter\linkResolver.cpp, line 766]
Event: 0.630 Thread 0x0000019f82f3af50 Exception <a 'java/lang/ClassNotFoundException'{0x0000000711621d98}: com/sun/swing/internal/plaf/metal/resources/spi/metalProvider> (0x0000000711621d98) 
thrown [e:\jenkins\tmp\workspace\build\src\src\hotspot\share\classfile\systemDictionary.cpp, line 256]
Event: 0.632 Thread 0x0000019f82f3af50 Exception <a 'java/lang/ClassNotFoundException'{0x00000007116267a0}: com/sun/swing/internal/plaf/basic/resources/spi/basicProvider> (0x00000007116267a0) 
thrown [e:\jenkins\tmp\workspace\build\src\src\hotspot\share\classfile\systemDictionary.cpp, line 256]
Event: 0.718 Thread 0x0000019f82f3af50 Exception <a 'java/lang/NoSuchMethodError'{0x00000007116a7e48}: 'java.lang.Object java.lang.invoke.DirectMethodHandle$Holder.invokeStaticInit(java.lang.Object, int, int, int, int)'> (0x00000007116a7e48) 
thrown [e:\jenkins\tmp\workspace\build\src\src\hotspot\share\interpreter\linkResolver.cpp, line 766]
Event: 0.780 Thread 0x0000019f82f3af50 Exception <a 'java/lang/NoSuchMethodError'{0x00000007116d5b48}: 'java.lang.Object java.lang.invoke.DirectMethodHandle$Holder.invokeStaticInit(java.lang.Object, java.lang.Object, int, int, int, int)'> (0x00000007116d5b48) 
thrown [e:\jenkins\tmp\workspace\build\src\src\hotspot\share\interpreter\linkResolver.cpp, line 766]
Event: 0.960 Thread 0x0000019f82f3af50 Exception <a 'java/lang/NoSuchMethodError'{0x0000000711306150}: 'void java.lang.invoke.DirectMethodHandle$Holder.invokeStaticInit(java.lang.Object)'> (0x0000000711306150) 
thrown [e:\jenkins\tmp\workspace\build\src\src\hotspot\share\interpreter\linkResolver.cpp, line 766]

VM Operations (16 events):
Event: 0.630 Executing VM operation: HandshakeAllThreads
Event: 0.630 Executing VM operation: HandshakeAllThreads done
Event: 0.664 Executing VM operation: HandshakeAllThreads
Event: 0.664 Executing VM operation: HandshakeAllThreads done
Event: 0.699 Executing VM operation: HandshakeAllThreads
Event: 0.699 Executing VM operation: HandshakeAllThreads done
Event: 0.699 Executing VM operation: HandshakeAllThreads
Event: 0.699 Executing VM operation: HandshakeAllThreads done
Event: 0.746 Executing VM operation: HandshakeAllThreads
Event: 0.746 Executing VM operation: HandshakeAllThreads done
Event: 1.109 Executing VM operation: HandshakeAllThreads
Event: 1.109 Executing VM operation: HandshakeAllThreads done
Event: 1.109 Executing VM operation: Cleanup
Event: 1.109 Executing VM operation: Cleanup done
Event: 1.215 Executing VM operation: G1CollectForAllocation
Event: 1.221 Executing VM operation: G1CollectForAllocation done

Events (20 events):
Event: 1.282 loading class sun/awt/im/InputMethodManager
Event: 1.282 loading class sun/awt/im/InputMethodManager done
Event: 1.282 loading class sun/awt/im/ExecutableInputMethodManager
Event: 1.283 loading class sun/awt/im/ExecutableInputMethodManager done
Event: 1.283 loading class sun/awt/windows/WInputMethodDescriptor
Event: 1.283 loading class java/awt/im/spi/InputMethodDescriptor
Event: 1.283 loading class java/awt/im/spi/InputMethodDescriptor done
Event: 1.283 loading class sun/awt/windows/WInputMethodDescriptor done
Event: 1.283 loading class sun/awt/im/InputMethodLocator
Event: 1.283 loading class sun/awt/im/InputMethodLocator done
Event: 1.283 loading class sun/awt/im/ExecutableInputMethodManager$3
Event: 1.283 loading class sun/awt/im/ExecutableInputMethodManager$3 done
Event: 1.284 loading class java/awt/peer/LightweightPeer
Event: 1.284 loading class java/awt/peer/LightweightPeer done
Event: 1.284 loading class sun/awt/LightweightPeerHolder
Event: 1.284 loading class sun/awt/LightweightPeerHolder done
Event: 1.284 loading class sun/awt/NullComponentPeer
Event: 1.284 loading class sun/awt/NullComponentPeer done
Event: 1.286 loading class java/awt/SplashScreen
Event: 1.286 loading class java/awt/SplashScreen done


Dynamic libraries:
0x00007ff713520000 - 0x00007ff71352e000 	C:\Users\eduar\.p2\pool\plugins\org.eclipse.justj.openjdk.hotspot.jre.full.win32.x86_64_17.0.1.v20211116-1657\jre\bin\javaw.exe
0x00007ffbb6230000 - 0x00007ffbb6425000 	C:\WINDOWS\SYSTEM32\ntdll.dll
0x00007ffbb4b70000 - 0x00007ffbb4c2e000 	C:\WINDOWS\System32\KERNEL32.DLL
0x00007ffbb3bc0000 - 0x00007ffbb3e88000 	C:\WINDOWS\System32\KERNELBASE.dll
0x00007ffbb3a70000 - 0x00007ffbb3b70000 	C:\WINDOWS\System32\ucrtbase.dll
0x00007ffbaad90000 - 0x00007ffbaada8000 	C:\Users\eduar\.p2\pool\plugins\org.eclipse.justj.openjdk.hotspot.jre.full.win32.x86_64_17.0.1.v20211116-1657\jre\bin\jli.dll
0x00007ffbb4280000 - 0x00007ffbb4421000 	C:\WINDOWS\System32\USER32.dll
0x00007ffbb4250000 - 0x00007ffbb4272000 	C:\WINDOWS\System32\win32u.dll
0x00007ffbb5050000 - 0x00007ffbb507b000 	C:\WINDOWS\System32\GDI32.dll
0x00007ffbb4140000 - 0x00007ffbb424b000 	C:\WINDOWS\System32\gdi32full.dll
0x00007ffbb3ff0000 - 0x00007ffbb408d000 	C:\WINDOWS\System32\msvcp_win.dll
0x00007ffba2020000 - 0x00007ffba2039000 	C:\Users\eduar\.p2\pool\plugins\org.eclipse.justj.openjdk.hotspot.jre.full.win32.x86_64_17.0.1.v20211116-1657\jre\bin\VCRUNTIME140.dll
0x00007ffb9ce70000 - 0x00007ffb9d10a000 	C:\WINDOWS\WinSxS\amd64_microsoft.windows.common-controls_6595b64144ccf1df_6.0.19041.1110_none_60b5254171f9507e\COMCTL32.dll
0x00007ffbb4fb0000 - 0x00007ffbb504e000 	C:\WINDOWS\System32\msvcrt.dll
0x00007ffbb5b60000 - 0x00007ffbb5b90000 	C:\WINDOWS\System32\IMM32.DLL
0x00007ffbae810000 - 0x00007ffbae81c000 	C:\Users\eduar\.p2\pool\plugins\org.eclipse.justj.openjdk.hotspot.jre.full.win32.x86_64_17.0.1.v20211116-1657\jre\bin\vcruntime140_1.dll
0x00007ffb91f70000 - 0x00007ffb92001000 	C:\Users\eduar\.p2\pool\plugins\org.eclipse.justj.openjdk.hotspot.jre.full.win32.x86_64_17.0.1.v20211116-1657\jre\bin\msvcp140.dll
0x00007ffb68470000 - 0x00007ffb690b6000 	C:\Users\eduar\.p2\pool\plugins\org.eclipse.justj.openjdk.hotspot.jre.full.win32.x86_64_17.0.1.v20211116-1657\jre\bin\server\jvm.dll
0x00007ffbb5590000 - 0x00007ffbb563c000 	C:\WINDOWS\System32\ADVAPI32.dll
0x00007ffbb5ac0000 - 0x00007ffbb5b5b000 	C:\WINDOWS\System32\sechost.dll
0x00007ffbb5fe0000 - 0x00007ffbb610a000 	C:\WINDOWS\System32\RPCRT4.dll
0x00007ffbb5340000 - 0x00007ffbb5348000 	C:\WINDOWS\System32\PSAPI.DLL
0x00007ffba0a90000 - 0x00007ffba0a99000 	C:\WINDOWS\SYSTEM32\WSOCK32.dll
0x00007ffbb4f40000 - 0x00007ffbb4fab000 	C:\WINDOWS\System32\WS2_32.dll
0x00007ffb97960000 - 0x00007ffb97987000 	C:\WINDOWS\SYSTEM32\WINMM.dll
0x00007ffbab740000 - 0x00007ffbab74a000 	C:\WINDOWS\SYSTEM32\VERSION.dll
0x00007ffbb1850000 - 0x00007ffbb1862000 	C:\WINDOWS\SYSTEM32\kernel.appcore.dll
0x00007ffbaf520000 - 0x00007ffbaf52a000 	C:\Users\eduar\.p2\pool\plugins\org.eclipse.justj.openjdk.hotspot.jre.full.win32.x86_64_17.0.1.v20211116-1657\jre\bin\jimage.dll
0x00007ffbadf30000 - 0x00007ffbae114000 	C:\WINDOWS\SYSTEM32\DBGHELP.DLL
0x00007ffb92b50000 - 0x00007ffb92b7c000 	C:\WINDOWS\SYSTEM32\dbgcore.DLL
0x00007ffbb3980000 - 0x00007ffbb3a03000 	C:\WINDOWS\System32\bcryptPrimitives.dll
0x00007ffb96ad0000 - 0x00007ffb96af5000 	C:\Users\eduar\.p2\pool\plugins\org.eclipse.justj.openjdk.hotspot.jre.full.win32.x86_64_17.0.1.v20211116-1657\jre\bin\java.dll
0x00007ffba0f80000 - 0x00007ffba0f98000 	C:\Users\eduar\.p2\pool\plugins\org.eclipse.justj.openjdk.hotspot.jre.full.win32.x86_64_17.0.1.v20211116-1657\jre\bin\zip.dll
0x00007ffbb4430000 - 0x00007ffbb4b6f000 	C:\WINDOWS\System32\SHELL32.dll
0x00007ffbb1a50000 - 0x00007ffbb21e0000 	C:\WINDOWS\SYSTEM32\windows.storage.dll
0x00007ffbb5b90000 - 0x00007ffbb5ee5000 	C:\WINDOWS\System32\combase.dll
0x00007ffbb33a0000 - 0x00007ffbb33ce000 	C:\WINDOWS\SYSTEM32\Wldp.dll
0x00007ffbb4e90000 - 0x00007ffbb4f3d000 	C:\WINDOWS\System32\SHCORE.dll
0x00007ffbb52e0000 - 0x00007ffbb5335000 	C:\WINDOWS\System32\shlwapi.dll
0x00007ffbb3890000 - 0x00007ffbb38af000 	C:\WINDOWS\SYSTEM32\profapi.dll
0x00007ffb83560000 - 0x00007ffb836ee000 	C:\Users\eduar\.p2\pool\plugins\org.eclipse.justj.openjdk.hotspot.jre.full.win32.x86_64_17.0.1.v20211116-1657\jre\bin\awt.dll
0x00007ffbb4c30000 - 0x00007ffbb4cfd000 	C:\WINDOWS\System32\OLEAUT32.dll
0x00007ffbb1190000 - 0x00007ffbb1220000 	C:\WINDOWS\SYSTEM32\apphelp.dll
0x00007ffbb12d0000 - 0x00007ffbb136e000 	C:\WINDOWS\system32\uxtheme.dll
0x00007ffbb5140000 - 0x00007ffbb5255000 	C:\WINDOWS\System32\MSCTF.dll
0x00007ffbb4d60000 - 0x00007ffbb4e8a000 	C:\WINDOWS\System32\ole32.dll
0x00007ffbb1740000 - 0x00007ffbb176f000 	C:\WINDOWS\system32\DWMAPI.DLL
0x00007ffb8b1d0000 - 0x00007ffb8b2f5000 	C:\WINDOWS\system32\opengl32.dll
0x00007ffb8b1a0000 - 0x00007ffb8b1cc000 	C:\WINDOWS\SYSTEM32\GLU32.dll
0x00007ffbb3300000 - 0x00007ffbb3318000 	C:\WINDOWS\SYSTEM32\CRYPTSP.dll
0x00007ffbb2a10000 - 0x00007ffbb2a44000 	C:\WINDOWS\system32\rsaenh.dll
0x00007ffbb3950000 - 0x00007ffbb3977000 	C:\WINDOWS\System32\bcrypt.dll
0x00007ffbb3850000 - 0x00007ffbb387e000 	C:\WINDOWS\SYSTEM32\USERENV.dll
0x00007ffbb32f0000 - 0x00007ffbb32fc000 	C:\WINDOWS\SYSTEM32\CRYPTBASE.dll
0x00007ffb9c320000 - 0x00007ffb9c339000 	C:\Users\eduar\.p2\pool\plugins\org.eclipse.justj.openjdk.hotspot.jre.full.win32.x86_64_17.0.1.v20211116-1657\jre\bin\net.dll
0x00007ffba2220000 - 0x00007ffba232c000 	C:\WINDOWS\SYSTEM32\WINHTTP.dll
0x00007ffbb3100000 - 0x00007ffbb316a000 	C:\WINDOWS\system32\mswsock.dll
0x00007ffbb2da0000 - 0x00007ffbb2ddb000 	C:\WINDOWS\SYSTEM32\IPHLPAPI.DLL
0x00007ffbb5080000 - 0x00007ffbb5088000 	C:\WINDOWS\System32\NSI.dll
0x00007ffbabf70000 - 0x00007ffbabf87000 	C:\WINDOWS\SYSTEM32\dhcpcsvc6.DLL
0x00007ffbabe70000 - 0x00007ffbabe8d000 	C:\WINDOWS\SYSTEM32\dhcpcsvc.DLL
0x00007ffbb2de0000 - 0x00007ffbb2eab000 	C:\WINDOWS\SYSTEM32\DNSAPI.dll
0x00007ffb967a0000 - 0x00007ffb967b5000 	C:\Users\eduar\.p2\pool\plugins\org.eclipse.justj.openjdk.hotspot.jre.full.win32.x86_64_17.0.1.v20211116-1657\jre\bin\nio.dll
0x00007ffb92230000 - 0x00007ffb922b9000 	C:\Users\eduar\.p2\pool\plugins\org.eclipse.justj.openjdk.hotspot.jre.full.win32.x86_64_17.0.1.v20211116-1657\jre\bin\freetype.dll
0x00007ffb91ec0000 - 0x00007ffb91f68000 	C:\Users\eduar\.p2\pool\plugins\org.eclipse.justj.openjdk.hotspot.jre.full.win32.x86_64_17.0.1.v20211116-1657\jre\bin\fontmanager.dll

dbghelp: loaded successfully - version: 4.0.5 - missing functions: none
symbol engine: initialized successfully - sym options: 0x614 - pdb path: .;C:\Users\eduar\.p2\pool\plugins\org.eclipse.justj.openjdk.hotspot.jre.full.win32.x86_64_17.0.1.v20211116-1657\jre\bin;C:\WINDOWS\SYSTEM32;C:\WINDOWS\WinSxS\amd64_microsoft.windows.common-controls_6595b64144ccf1df_6.0.19041.1110_none_60b5254171f9507e;C:\Users\eduar\.p2\pool\plugins\org.eclipse.justj.openjdk.hotspot.jre.full.win32.x86_64_17.0.1.v20211116-1657\jre\bin\server

VM Arguments:
jvm_args: -Dfile.encoding=windows-1252 -XX:+ShowCodeDetailsInExceptionMessages 
java_command: we.josemipepeedu.casisi.Casisi
java_class_path (initial): F:\Workspace-Eduardo\Casisi\bin
Launcher Type: SUN_STANDARD

[Global flags]
     intx CICompilerCount                          = 3                                         {product} {ergonomic}
     uint ConcGCThreads                            = 1                                         {product} {ergonomic}
     uint G1ConcRefinementThreads                  = 4                                         {product} {ergonomic}
   size_t G1HeapRegionSize                         = 2097152                                   {product} {ergonomic}
    uintx GCDrainStackTargetSize                   = 64                                        {product} {ergonomic}
   size_t InitialHeapSize                          = 268435456                                 {product} {ergonomic}
   size_t MarkStackSize                            = 4194304                                   {product} {ergonomic}
   size_t MaxHeapSize                              = 4265607168                                {product} {ergonomic}
   size_t MaxNewSize                               = 2558525440                                {product} {ergonomic}
   size_t MinHeapDeltaBytes                        = 2097152                                   {product} {ergonomic}
   size_t MinHeapSize                              = 8388608                                   {product} {ergonomic}
    uintx NonNMethodCodeHeapSize                   = 5832780                                {pd product} {ergonomic}
    uintx NonProfiledCodeHeapSize                  = 122912730                              {pd product} {ergonomic}
    uintx ProfiledCodeHeapSize                     = 122912730                              {pd product} {ergonomic}
    uintx ReservedCodeCacheSize                    = 251658240                              {pd product} {ergonomic}
     bool SegmentedCodeCache                       = true                                      {product} {ergonomic}
     bool ShowCodeDetailsInExceptionMessages       = true                                   {manageable} {command line}
   size_t SoftMaxHeapSize                          = 4265607168                             {manageable} {ergonomic}
     bool UseCompressedClassPointers               = true                           {product lp64_product} {ergonomic}
     bool UseCompressedOops                        = true                           {product lp64_product} {ergonomic}
     bool UseG1GC                                  = true                                      {product} {ergonomic}
     bool UseLargePagesIndividualAllocation        = false                                  {pd product} {ergonomic}

Logging:
Log output configuration:
 #0: stdout all=warning uptime,level,tags
 #1: stderr all=off uptime,level,tags

Environment Variables:
JAVA_HOME=C:\Program Files\Java\jdk-18.0.1.1
PATH=C:/Users/eduar/.p2/pool/plugins/org.eclipse.justj.openjdk.hotspot.jre.full.win32.x86_64_17.0.1.v20211116-1657/jre/bin/server;C:/Users/eduar/.p2/pool/plugins/org.eclipse.justj.openjdk.hotspot.jre.full.win32.x86_64_17.0.1.v20211116-1657/jre/bin;C:\Program Files\Microsoft\jdk-11.0.12.7-hotspot\bin;C:\Program Files\Common Files\Oracle\Java\javapath;C:\Program Files\Python310\Scripts\;C:\Program Files\Python310\;C:\Program Files (x86)\Common Files\Oracle\Java\javapath;C:\MinGW\bin;C:\Users\Public\Documents\Embarcadero\Studio\21.0\Bpl;C:\Program Files (x86)\Embarcadero\Studio\21.0\bin64;C:\Users\Public\Documents\Embarcadero\Studio\21.0\Bpl\Win64;E:\app\eduar\product\11.2.0\dbhome_1\bin;C:\ProgramData\Oracle\Java\javapath;C:\Program Files (x86)\Intel\iCLS Client\;C:\Program Files\Intel\iCLS Client\;C:\WINDOWS\system32;C:\WINDOWS;C:\WINDOWS\System32\Wbem;C:\WINDOWS\System32\WindowsPowerShell\v1.0\;C:\Program Files (x86)\Intel\Intel(R) Management Engine Components\DAL;C:\Program Files\Intel\Intel(R) Management Engine Components\DAL;C:\Program Files (x86)\Intel\Intel(R) Management Engine Components\IPT;C:\Program Files\Intel\Intel(R) Management Engine Components\IPT;C:\Program Files\Intel\WiFi\bin\;C:\Program Files\Common Files\Intel\WirelessCommon\;C:\WINDOWS\System32\OpenSSH\;C:\xampp\php;C:\Program Files\Git\cmd;C:\Program Files\nodejs\;C:\Program Files\dotnet\;C:\Program Files\Microsoft SQL Server\150\Tools\Binn\;C:\Program Files\Microsoft SQL Server\Client SDK\ODBC\170\Tools\Binn\;C:\Users\eduar\AppData\Local\Microsoft\WindowsApps;C:\Users\eduar\AppData\Local\Programs\Microsoft VS Code\bin;C:\MinGW\bin;C:\Users\eduar\AppData\Roaming\npm;C:\Users\eduar\.dotnet\tools;C:\WINDOWS\system32;
USERNAME=eduar
OS=Windows_NT
PROCESSOR_IDENTIFIER=Intel64 Family 6 Model 142 Stepping 9, GenuineIntel



---------------  S Y S T E M  ---------------

OS:
 Windows 10 , 64 bit Build 19041 (10.0.19041.1348)
OS uptime: 3 days 14:20 hours

CPU: total 4 (initial active 4) (2 cores per cpu, 2 threads per core) family 6 model 142 stepping 9 microcode 0xca, cx8, cmov, fxsr, ht, mmx, 3dnowpref, sse, sse2, sse3, ssse3, sse4.1, sse4.2, popcnt, lzcnt, tsc, tscinvbit, avx, avx2, aes, erms, clmul, bmi1, bmi2, adx, fma, vzeroupper, clflush, clflushopt

Memory: 4k page, system-wide physical 16267M (1100M free)
TotalPageFile size 20363M (AvailPageFile size 2M)
current process WorkingSet (physical memory assigned to process): 73M, peak: 73M
current process commit charge ("private bytes"): 346M, peak: 346M

vm_info: OpenJDK 64-Bit Server VM (17.0.1+12) for windows-amd64 JRE (17.0.1+12), built on Oct 20 2021 07:42:55 by "" with MS VC++ 16.7 (VS2019)

END.
